<?xml version="1.0" encoding="UTF-8"?>
<!-- Generated by org.testng.reporters.JUnitReportReporter -->
<testsuite hostname="INLEN8520068779" failures="0" tests="5" name="Day45.ParallelTesting" time="12.618" errors="0" timestamp="2024-12-29T13:11:19 IST" skipped="0">
  <testcase classname="Day45.ParallelTesting" name="setup" time="12.259"/>
  <testcase classname="Day45.ParallelTesting" name="testlogo" time="0.056"/>
  <testcase classname="Day45.ParallelTesting" name="testTitle" time="0.018"/>
  <testcase classname="Day45.ParallelTesting" name="testUrl" time="0.015"/>
  <testcase classname="Day45.ParallelTesting" name="teardown" time="0.270"/>
</testsuite> <!-- Day45.ParallelTesting -->
