<?xml version="1.0" encoding="UTF-8"?>
<!-- Generated by org.testng.reporters.JUnitReportReporter -->
<testsuite hostname="INLEN8520068779" failures="0" tests="3" name="Day44.SignUpTests" time="0.016" errors="0" timestamp="2024-12-27T20:24:58 IST" skipped="0">
  <testcase classname="Day44.SignUpTests" name="signupByEmail" time="0.013"/>
  <testcase classname="Day44.SignUpTests" name="signupFacebook" time="0.002"/>
  <testcase classname="Day44.SignUpTests" name="signuplogintwitter" time="0.001"/>
</testsuite> <!-- Day44.SignUpTests -->
