<?xml version="1.0" encoding="UTF-8"?>
<!-- Generated by org.testng.reporters.JUnitReportReporter -->
<testsuite hostname="INLEN8520068779" failures="0" tests="1" name="Day47.LoginTest" time="1.246" errors="0" timestamp="2024-12-31T15:37:00 IST" skipped="0">
  <testcase classname="Day47.LoginTest" name="testlogin" time="1.246"/>
</testsuite> <!-- Day47.LoginTest -->
