<?xml version="1.0" encoding="UTF-8"?>
<!-- Generated by org.testng.reporters.JUnitReportReporter -->
<testsuite hostname="INLEN8520068779" failures="0" tests="4" name="Day42.OrganHrm" time="15.467" errors="0" timestamp="2024-12-27T09:41:02 IST" skipped="0">
  <testcase classname="Day42.OrganHrm" name="openapp" time="9.616"/>
  <testcase classname="Day42.OrganHrm" name="testlogo" time="5.094"/>
  <testcase classname="Day42.OrganHrm" name="testlogin" time="0.383"/>
  <testcase classname="Day42.OrganHrm" name="testlogout" time="0.374"/>
</testsuite> <!-- Day42.OrganHrm -->
