<?xml version="1.0" encoding="UTF-8"?>
<!-- Generated by org.testng.reporters.JUnitReportReporter -->
<testsuite hostname="INLEN8520068779" failures="0" tests="2" name="Day44.PasswordTests" time="0.009" errors="0" timestamp="2025-01-22T20:21:12 IST" skipped="0">
  <testcase classname="Day44.PasswordTests" name="passwordByEmail" time="0.008"/>
  <testcase classname="Day44.PasswordTests" name="passwordFacebook" time="0.001"/>
</testsuite> <!-- Day44.PasswordTests -->
