<?xml version="1.0" encoding="UTF-8"?>
<!-- Generated by org.testng.reporters.JUnitReportReporter -->
<testsuite hostname="INLEN8520068779" failures="0" tests="3" name="Day42.FirstClass" time="0.006" errors="0" timestamp="2024-12-27T09:41:02 IST" skipped="0">
  <testcase classname="Day42.FirstClass" name="openpage" time="0.002"/>
  <testcase classname="Day42.FirstClass" name="login" time="0.001"/>
  <testcase classname="Day42.FirstClass" name="logout" time="0.003"/>
</testsuite> <!-- Day42.FirstClass -->
