<?xml version="1.0" encoding="UTF-8"?>
<!-- Generated by org.testng.reporters.JUnitReportReporter -->
<testsuite hostname="INLEN8520068779" failures="0" tests="3" name="Day43.AllAnnotations" time="0.014" errors="0" timestamp="2025-01-13T14:54:16 IST" skipped="0">
  <testcase classname="Day43.AllAnnotations" name="abc" time="0.008"/>
  <testcase classname="Day43.AllAnnotations" name="xyz" time="0.004"/>
  <testcase classname="Day43.AllAnnotations" name="aaa" time="0.002"/>
</testsuite> <!-- Day43.AllAnnotations -->
