<?xml version="1.0" encoding="UTF-8"?>
<!-- Generated by org.testng.reporters.JUnitReportReporter -->
<testsuite hostname="INLEN8520068779" failures="0" tests="2" name="Day43.pack.C3" time="0.002" errors="0" timestamp="2024-12-27T11:35:05 IST" skipped="0">
  <testcase classname="Day43.pack.C3" name="aaa" time="0.001"/>
  <testcase classname="Day43.pack.C3" name="aaa" time="0.001"/>
</testsuite> <!-- Day43.pack.C3 -->
