<?xml version="1.0" encoding="UTF-8"?>
<!-- Generated by org.testng.reporters.JUnitReportReporter -->
<testsuite hostname="INLEN8520068779" failures="0" tests="2" name="Day43.ClassMethod" time="0.015" errors="0" timestamp="2024-12-27T10:46:32 IST" skipped="0">
  <testcase classname="Day43.ClassMethod" name="search" time="0.013"/>
  <testcase classname="Day43.ClassMethod" name="advancessearch" time="0.002"/>
</testsuite> <!-- Day43.ClassMethod -->
