<?xml version="1.0" encoding="UTF-8"?>
<!-- Generated by org.testng.reporters.JUnitReportReporter -->
<testsuite hostname="INLEN8520068779" failures="0" tests="1" name="Day43.pack.C2" time="0.009" errors="0" timestamp="2024-12-27T12:25:06 IST" skipped="0">
  <testcase classname="Day43.pack.C2" name="xyz" time="0.009"/>
</testsuite> <!-- Day43.pack.C2 -->
