<?xml version="1.0" encoding="UTF-8"?>
<!-- Generated by org.testng.reporters.JUnitReportReporter -->
<testsuite hostname="INLEN8520068779" failures="0" tests="2" name="Day43.Methods" time="0.021" errors="0" timestamp="2024-12-27T10:33:01 IST" skipped="0">
  <testcase classname="Day43.Methods" name="search" time="0.020"/>
  <testcase classname="Day43.Methods" name="advancessearch" time="0.001"/>
</testsuite> <!-- Day43.Methods -->
