<?xml version="1.0" encoding="UTF-8"?>
<!-- Generated by org.testng.reporters.JUnitReportReporter -->
<testsuite hostname="INLEN8520068779" failures="0" tests="3" name="Day44.loginTests" time="0.038" errors="0" timestamp="2024-12-27T20:23:23 IST" skipped="0">
  <testcase classname="Day44.loginTests" name="loginByEmail" time="0.034"/>
  <testcase classname="Day44.loginTests" name="loginFacebook" time="0.002"/>
  <testcase classname="Day44.loginTests" name="logintwitter" time="0.002"/>
</testsuite> <!-- Day44.loginTests -->
